movieSearch No Country For Old Men
Title:    No Country for Old Men
Year:     2007
Rated:    R
Rotten Tomatoes Rating 93%
Country:  USA
Language: English, Spanish
Plot:     Violence and mayhem ensue after a hunter stumbles upon a drug deal gone wrong and more than two million dollars in cash near the Rio Grande.
Actors:   Tommy Lee Jones, Javier Bardem, Josh Brolin, Woody Harrelson
Released: 21 Nov 2007
Runtime:  122 min
Genre:    Crime, Drama, Thriller
Director: Ethan Coen, Joel Coen
Write:    Joel Coen (screenplay), Ethan Coen (screenplay), Cormac McCarthy (novel)
movieSearch No Country For Old Men
Title:    No Country for Old Men
Year:     2007
Rated:    R
Rotten Tomatoes Rating 93%
Country:  USA
Language: English, Spanish
Plot:     Violence and mayhem ensue after a hunter stumbles upon a drug deal gone wrong and more than two million dollars in cash near the Rio Grande.
Actors:   Tommy Lee Jones, Javier Bardem, Josh Brolin, Woody Harrelson
Released: 21 Nov 2007
Runtime:  122 min
Genre:    Crime, Drama, Thriller
Director: Ethan Coen, Joel Coen
Write:    Joel Coen (screenplay), Ethan Coen (screenplay), Cormac McCarthy (novel)
doItSearch 
data: spotify-this-song,”I Want it That Way”
fileArgs: spotify-this-song,”I Want it That Way”
doThis: spotify-this-song
input: ”I Want it That Way”
musicSearch ”I Want it That Way”
 
Name: I Want It That Way
Artist: Backstreet Boys
Album: The Hits--Chapter One
Release: 2001-10-23
Preview: https://p.scdn.co/mp3-preview/e72a05dc3f69c891e3390c3ceaa77fad02f6b5f6?cid=20160144eaff4a249d340f967b2d1c4a
 
Name: I Want It That Way
Artist: Backstreet Boys
Album: Millennium
Release: 1999-05-18
Preview: https://p.scdn.co/mp3-preview/b8c2410a5acb68b462be6ac85f1312430e2b149c?cid=20160144eaff4a249d340f967b2d1c4a
 
Name: I Want It That Way
Artist: Anthem Lights
Album: Covers Part IV
Release: 2015-07-17
Preview: https://p.scdn.co/mp3-preview/4a163fbfa2dbbe4433f277e0e7395dca656364f5?cid=20160144eaff4a249d340f967b2d1c4a
 
Name: I Want It That Way
Artist: Tyler and Mark
Album: Beautiful Dreams
Release: 2018-08-28
Preview: https://p.scdn.co/mp3-preview/99c791194bbd4e5f315ca8964babf0b69bc520b3?cid=20160144eaff4a249d340f967b2d1c4a
 
Name: I Want It That Way
Artist: Mick Jensen
Album: I Want It That Way
Release: 2018-11-22
Preview: https://p.scdn.co/mp3-preview/f8181f66713983fab073e133e23c741acbe00d75?cid=20160144eaff4a249d340f967b2d1c4a
 
Name: Ebay (Parody of "I Want It That Way" by the Backstreet Boys)
Artist: "Weird Al" Yankovic
Album: Poodle Hat
Release: 2003-05-20
Preview: https://p.scdn.co/mp3-preview/e217ea111ab84a777f204252fce4b18d5de3ae80?cid=20160144eaff4a249d340f967b2d1c4a
 
Name: I Want It That Way
Artist: Dynamite Boy
Album: Punk Goes Pop
Release: 2001-01-01
Preview: null
 
Name: I Want It That Way
Artist: Backstreet Boys
Album: 90 Sweet 90s Hits!
Release: 2014-06-10
Preview: https://p.scdn.co/mp3-preview/2f96341eb8415a3efb27375db1c4d59928408c2f?cid=20160144eaff4a249d340f967b2d1c4a
 
Name: I Want It That Way
Artist: Backstreet Boys
Album: NKOTBSB
Release: 2011-05-24
Preview: https://p.scdn.co/mp3-preview/adf2485de3f3f375593b5307a792e8d8e6f19794?cid=20160144eaff4a249d340f967b2d1c4a
 
Name: I Want It That Way
Artist: Steel Panther
Album: I Want It That Way
Release: 2010-01-01
Preview: null
 
Name: Bye Bye Bye / I Want It That Way (Glee Cast Version)
Artist: Glee Cast
Album: Bye Bye Bye / I Want It That Way (Glee Cast Version)
Release: 2013-03-19
Preview: https://p.scdn.co/mp3-preview/3aa63b5c98b98ae333e567813e5c720abb2914f0?cid=20160144eaff4a249d340f967b2d1c4a
 
Name: I Want It That Way
Artist: Boyce Avenue
Album: Cover Sessions, Vol. 2
Release: 2012-07-24
Preview: https://p.scdn.co/mp3-preview/764f1dcb8c9a9cec099cc361cb388f931bf023d3?cid=20160144eaff4a249d340f967b2d1c4a
 
Name: I Want It That Way
Artist: Manuel Costa
Album: I Want It That Way
Release: 2017-07-14
Preview: https://p.scdn.co/mp3-preview/cdde86f49ca4ef217ac08bbbb0c6295c16f015b0?cid=20160144eaff4a249d340f967b2d1c4a
 
Name: I Want It That Way
Artist: Scary Pockets
Album: Nu Funk
Release: 2017-11-13
Preview: https://p.scdn.co/mp3-preview/33685e005149d5e7d0199a764163ff77f7762e29?cid=20160144eaff4a249d340f967b2d1c4a
 
Name: I Want It That Way
Artist: Scott Bradlee's Postmodern Jukebox
Album: Selfies on Kodachrome
Release: 2015-01-13
Preview: https://p.scdn.co/mp3-preview/53296f4b689baaa0be6d94e8720c044e98d4b3e3?cid=20160144eaff4a249d340f967b2d1c4a
 
Name: I Want It That Way
Artist: Kidz Bop Kids
Album: Kidz Bop
Release: 2001-10-09
Preview: null
 
Name: I Want It That Way
Artist: Yshop
Album: I Want It That Way
Release: 2018-03-13
Preview: https://p.scdn.co/mp3-preview/8d1287b933d37b96943a5041ebcd46c328c9a0ce?cid=20160144eaff4a249d340f967b2d1c4a
 
Name: I Want It That Way
Artist: Marcelo Rezende
Album: Ballads in Bossa (The Colors of Love Ballads)
Release: 2017-02-13
Preview: https://p.scdn.co/mp3-preview/e917efb886afa262114a59cbdbdb6fe8bef57583?cid=20160144eaff4a249d340f967b2d1c4a
 
Name: Ebay (Parody of "I Want It That Way" by the Backstreet Boys)
Artist: "Weird Al" Yankovic
Album: The Essential "Weird Al" Yankovic
Release: 2009
Preview: https://p.scdn.co/mp3-preview/5632d8e302d70afaa8f79c962aa4b2032a45b3ef?cid=20160144eaff4a249d340f967b2d1c4a
 
Name: I Want It That Way
Artist: Backstreet Boys
Album: NOW That's What I Call 90s Pop
Release: 2017-01-27
Preview: https://p.scdn.co/mp3-preview/c9302062adf4f59e60335f30c7ca46b487a267fb?cid=20160144eaff4a249d340f967b2d1c4a
movieSearch Pulp Fiction
Title:    Pulp Fiction
Year:     1994
Rated:    R
Rotten Tomatoes Rating 94%
Country:  USA
Language: English, Spanish, French
Plot:     The lives of two mob hitmen, a boxer, a gangster's wife, and a pair of diner bandits intertwine in four tales of violence and redemption.
Actors:   Tim Roth, Amanda Plummer, Laura Lovelace, John Travolta
Released: 14 Oct 1994
Runtime:  154 min
Genre:    Crime, Drama
Director: Quentin Tarantino
Write:    Quentin Tarantino (stories), Roger Avary (stories), Quentin Tarantino
 
George Clinton & Parliament Funkadelic
At the Byron Bay Bluesfest
04-21-2019
Tyagarah
Australia
 
George Clinton & Parliament Funkadelic
At the Byron Bay Bluesfest
04-22-2019
Tyagarah
Australia
 
George Clinton & Parliament Funkadelic
At the Australia Forum Theatre
04-25-2019
Melbourne
Australia
 
George Clinton & Parliament Funkadelic
At the Billboard Live Osaka
04-27-2019
Ōsaka-shi
Japan
 
George Clinton & Parliament Funkadelic
At the Summer Camp Music Festival
05-26-2019
Chillicothe, IL
United States
 
George Clinton & Parliament Funkadelic
At the Miller High Life Theatre
05-30-2019
Milwaukee, WI
United States
 
George Clinton & Parliament Funkadelic
At the Aragon Ballroom
05-31-2019
Chicago, IL
United States
 
George Clinton & Parliament Funkadelic
At the Riverfront Live
06-01-2019
Cincinnati, OH
United States
 
George Clinton & Parliament Funkadelic
George Clinton & Parliament Funkadelic
At the Central Park Summerstage at Rumsey Playfield
06-04-2019
New York, NY
United States
 
George Clinton & Parliament Funkadelic
At the Rockland Trust Bank Pavilion
06-05-2019
Boston, MA
United States
 
George Clinton & Parliament Funkadelic
George Clinton & Parliament Funkadelic
At the Franklin Music Hall
06-06-2019
Philadelphia, PA
United States
 
George Clinton & Parliament Funkadelic
At the Nashville Municipal Auditorium
07-26-2019
Nashville, TN
United States
 
George Clinton & Parliament Funkadelic
At the White Oak Ampitheatre
07-27-2019
Greensboro, NC
United States
 
George Clinton & Parliament Funkadelic
At the The Greek Theatre
08-02-2019
Los Angeles, CA
United States
 
George Clinton & Parliament Funkadelic
George Clinton & Parliament Funkadelic
At the Mountain Winery
08-03-2019
Saratoga, CA
United States
 
George Clinton & Parliament Funkadelic
At the Thunder Valley Casino Resort
08-04-2019
Lincoln, CA
United States
 
George Clinton & Parliament Funkadelic
George Clinton & Parliament Funkadelic
At the Showbox SoDo
08-08-2019
Seattle, WA
United States
 
George Clinton & Parliament Funkadelic
One Nation Under A Groove Tour - George Clinton & Parliament Funkadelic
At the Oregon Zoo
08-10-2019
Portland, OR
United States
 
George Clinton & Parliament Funkadelic
At the The Cuthbert Amphitheater
08-11-2019
Eugene, OR
United States
 
George Clinton & Parliament Funkadelic
George Clinton & Parliament Funkadelic
At the Mission Ballroom
08-15-2019
Denver, CO
United States
 
George Clinton & Parliament Funkadelic
At the Celebrity Theatre
08-17-2019
Phoenix, AZ
United States
 
George Clinton & Parliament Funkadelic
One Nation Under Groove Tour Ft. George Clinton & Parliament Funkadelic
At the Brooklyn Bowl
08-18-2019
Las Vegas, NV
United States
 
George Clinton & Parliament Funkadelic
At the H-E-B Center at Cedar Park
08-22-2019
Cedar Park, TX
United States
 
George Clinton & Parliament Funkadelic
At the The Aztec Theatre
08-23-2019
San Antonio, TX
United States
 
George Clinton & Parliament Funkadelic
At the The Bomb Factory
08-24-2019
Dallas, TX
United States
 
George Clinton & Parliament Funkadelic
George Clinton & Parliament Funkadelic, Galactic, Fishbone and more
At the Revention Music Center
08-25-2019
Houston, TX
United States
musicSearch Knee Deep
 
Name: Knee Deep (feat. Jimmy Buffett)
Artist: Zac Brown Band
Album: You Get What You Give (Deluxe)
Release: 2010-09-20
Preview: https://p.scdn.co/mp3-preview/f6e8c491a6b3c9fe1de5fb1aefa7f1c3c297cfab?cid=20160144eaff4a249d340f967b2d1c4a
 
Name: We Built This City
Artist: Starship
Album: Knee Deep In The Hoopla
Release: 1985-09-10
Preview: https://p.scdn.co/mp3-preview/ec6bf626bb5d631709529d4f59a6964af6dd9e9b?cid=20160144eaff4a249d340f967b2d1c4a
 
Name: Knee Deep (feat. Jimmy Buffett)
Artist: Zac Brown Band
Album: You Get What You Give
Release: 2010-09-20
Preview: https://p.scdn.co/mp3-preview/f6e8c491a6b3c9fe1de5fb1aefa7f1c3c297cfab?cid=20160144eaff4a249d340f967b2d1c4a
 
Name: Knee Deep (feat. Jimmy Buffett) - Greatest Hits Version
Artist: Zac Brown Band
Album: Greatest Hits So Far...
Release: 2014-11-07
Preview: https://p.scdn.co/mp3-preview/4d1e9266bc051819e3180e3b75ff7bdad75bcd06?cid=20160144eaff4a249d340f967b2d1c4a
 
Name: Sara
Artist: Starship
Album: Knee Deep In The Hoopla
Release: 1985-09-10
Preview: https://p.scdn.co/mp3-preview/e6a87804785f6f8d44e9fc9ea4484ac10cefce3e?cid=20160144eaff4a249d340f967b2d1c4a
 
Name: Knee Deep
Artist: Job For A Cowboy
Album: Doom
Release: 2005
Preview: https://p.scdn.co/mp3-preview/068fa2dea5b2a8a4d734a2b31ebd454c5f0893dd?cid=20160144eaff4a249d340f967b2d1c4a
 
Name: Restless
Artist: Hot Since 82
Album: Knee Deep In Sound
Release: 2015-03-12
Preview: https://p.scdn.co/mp3-preview/5ff5bf17ba5970af440b7ac618e7a3e688c6daed?cid=20160144eaff4a249d340f967b2d1c4a
 
Name: Knee Deep
Artist: FTampa
Album: Knee Deep
Release: 2018-12-14
Preview: https://p.scdn.co/mp3-preview/96df6575bafaf4e5f8f88539d648fb373b8eb788?cid=20160144eaff4a249d340f967b2d1c4a
 
Name: Knee Deep - Deep As A Mutha Funker Remix/Explicit
Artist: George Clinton
Album: Greatest Funkin' Hits
Release: 1996-01-01
Preview: null
 
Name: Knee Deep
Artist: CKY
Album: Camp Kill Yourself, Vol.1
Release: 1999-01-01
Preview: https://p.scdn.co/mp3-preview/414830ce8ecb23450d3f37b9ba3bee2d0dc8f1e0?cid=20160144eaff4a249d340f967b2d1c4a
 
Name: Prickly Pear
Artist: Portico Quartet
Album: Knee-Deep In the North Sea
Release: 2010
Preview: https://p.scdn.co/mp3-preview/eec80fc7079264ddee8318b9806b59bcb4af5876?cid=20160144eaff4a249d340f967b2d1c4a
 
Name: Knee Deep (feat. Alice Russell & Jim Oxborrow)
Artist: TM Juke
Album: Maps from the Wilderness
Release: 2003-10-13
Preview: https://p.scdn.co/mp3-preview/41ffac9285063a8d0fe44cf984d6ca3899637cb6?cid=20160144eaff4a249d340f967b2d1c4a
 
Name: Knee Deep
Artist: DevilDriver
Album: DevilDriver
Release: 2003-10-20
Preview: https://p.scdn.co/mp3-preview/9e1d0027eb7eba2fbcbff5996b5a71dcaffbcd52?cid=20160144eaff4a249d340f967b2d1c4a
 
Name: Knee-Deep in the North Sea
Artist: Portico Quartet
Album: Knee-Deep In the North Sea
Release: 2010
Preview: https://p.scdn.co/mp3-preview/ff58e924171d622e20f0163cd1684471a03b1386?cid=20160144eaff4a249d340f967b2d1c4a
 
Name: Knee Deep in Louise
Artist: Hot Since 82
Album: Knee Deep In Louise/So High Remixes
Release: 2012-12-03
Preview: https://p.scdn.co/mp3-preview/3a2de4350dcf7c5e68913102a49ac7b58959a21b?cid=20160144eaff4a249d340f967b2d1c4a
 
Name: Knee Deep
Artist: Texas Hippie Coalition
Album: Dark Side Of Black
Release: 2016-04-22
Preview: null
 
Name: Not Just Knee Deep - Live
Artist: George Clinton
Album: Live At Montreux 2004
Release: 2005-01-01
Preview: null
 
Name: Knee Deep
Artist: Lydia
Album: Devil
Release: 2013-03-19
Preview: https://p.scdn.co/mp3-preview/1d3da499e9cb1ae227bfe0818822fc93506bc94c?cid=20160144eaff4a249d340f967b2d1c4a
 
Name: Knee Deep
Artist: Pnb Meen
Album: Knee Deep
Release: 2019-04-13
Preview: https://p.scdn.co/mp3-preview/f73733bc3c05332b310c7306be32cfb2392c3642?cid=20160144eaff4a249d340f967b2d1c4a
 
Name: Knee Deep - Midnight Mix/Explicit
Artist: George Clinton
Album: Greatest Funkin' Hits
Release: 1996-01-01
Preview: null
movieSearch No Country For Old Men
Title:    No Country for Old Men
Year:     2007
Rated:    R
Rotten Tomatoes Rating 93%
Country:  USA
Language: English, Spanish
Plot:     Violence and mayhem ensue after a hunter stumbles upon a drug deal gone wrong and more than two million dollars in cash near the Rio Grande.
Actors:   Tommy Lee Jones, Javier Bardem, Josh Brolin, Woody Harrelson
Released: 21 Nov 2007
Runtime:  122 min
Genre:    Crime, Drama, Thriller
Director: Ethan Coen, Joel Coen
Write:    Joel Coen (screenplay), Ethan Coen (screenplay), Cormac McCarthy (novel)
doItSearch 
data: spotify-this-song,”I Want it That Way”
fileArgs: spotify-this-song,”I Want it That Way”
doThis: spotify-this-song
input: ”I Want it That Way”
musicSearch ”I Want it That Way”
 
Name: I Want It That Way
Artist: Backstreet Boys
Album: The Hits--Chapter One
Release: 2001-10-23
Preview: https://p.scdn.co/mp3-preview/e72a05dc3f69c891e3390c3ceaa77fad02f6b5f6?cid=20160144eaff4a249d340f967b2d1c4a
 
Name: I Want It That Way
Artist: Backstreet Boys
Album: Millennium
Release: 1999-05-18
Preview: https://p.scdn.co/mp3-preview/b8c2410a5acb68b462be6ac85f1312430e2b149c?cid=20160144eaff4a249d340f967b2d1c4a
 
Name: I Want It That Way
Artist: Anthem Lights
Album: Covers Part IV
Release: 2015-07-17
Preview: https://p.scdn.co/mp3-preview/4a163fbfa2dbbe4433f277e0e7395dca656364f5?cid=20160144eaff4a249d340f967b2d1c4a
 
Name: I Want It That Way
Artist: Tyler and Mark
Album: Beautiful Dreams
Release: 2018-08-28
Preview: https://p.scdn.co/mp3-preview/99c791194bbd4e5f315ca8964babf0b69bc520b3?cid=20160144eaff4a249d340f967b2d1c4a
 
Name: I Want It That Way
Artist: Mick Jensen
Album: I Want It That Way
Release: 2018-11-22
Preview: https://p.scdn.co/mp3-preview/f8181f66713983fab073e133e23c741acbe00d75?cid=20160144eaff4a249d340f967b2d1c4a
 
Name: Ebay (Parody of "I Want It That Way" by the Backstreet Boys)
Artist: "Weird Al" Yankovic
Album: Poodle Hat
Release: 2003-05-20
Preview: https://p.scdn.co/mp3-preview/e217ea111ab84a777f204252fce4b18d5de3ae80?cid=20160144eaff4a249d340f967b2d1c4a
 
Name: I Want It That Way
Artist: Dynamite Boy
Album: Punk Goes Pop
Release: 2001-01-01
Preview: null
 
Name: I Want It That Way
Artist: Backstreet Boys
Album: 90 Sweet 90s Hits!
Release: 2014-06-10
Preview: https://p.scdn.co/mp3-preview/2f96341eb8415a3efb27375db1c4d59928408c2f?cid=20160144eaff4a249d340f967b2d1c4a
 
Name: I Want It That Way
Artist: Backstreet Boys
Album: NKOTBSB
Release: 2011-05-24
Preview: https://p.scdn.co/mp3-preview/adf2485de3f3f375593b5307a792e8d8e6f19794?cid=20160144eaff4a249d340f967b2d1c4a
 
Name: I Want It That Way
Artist: Steel Panther
Album: I Want It That Way
Release: 2010-01-01
Preview: null
 
Name: Bye Bye Bye / I Want It That Way (Glee Cast Version)
Artist: Glee Cast
Album: Bye Bye Bye / I Want It That Way (Glee Cast Version)
Release: 2013-03-19
Preview: https://p.scdn.co/mp3-preview/3aa63b5c98b98ae333e567813e5c720abb2914f0?cid=20160144eaff4a249d340f967b2d1c4a
 
Name: I Want It That Way
Artist: Boyce Avenue
Album: Cover Sessions, Vol. 2
Release: 2012-07-24
Preview: https://p.scdn.co/mp3-preview/764f1dcb8c9a9cec099cc361cb388f931bf023d3?cid=20160144eaff4a249d340f967b2d1c4a
 
Name: I Want It That Way
Artist: Manuel Costa
Album: I Want It That Way
Release: 2017-07-14
Preview: https://p.scdn.co/mp3-preview/cdde86f49ca4ef217ac08bbbb0c6295c16f015b0?cid=20160144eaff4a249d340f967b2d1c4a
 
Name: I Want It That Way
Artist: Scary Pockets
Album: Nu Funk
Release: 2017-11-13
Preview: https://p.scdn.co/mp3-preview/33685e005149d5e7d0199a764163ff77f7762e29?cid=20160144eaff4a249d340f967b2d1c4a
 
Name: I Want It That Way
Artist: Scott Bradlee's Postmodern Jukebox
Album: Selfies on Kodachrome
Release: 2015-01-13
Preview: https://p.scdn.co/mp3-preview/53296f4b689baaa0be6d94e8720c044e98d4b3e3?cid=20160144eaff4a249d340f967b2d1c4a
 
Name: I Want It That Way
Artist: Kidz Bop Kids
Album: Kidz Bop
Release: 2001-10-09
Preview: null
 
Name: I Want It That Way
Artist: Yshop
Album: I Want It That Way
Release: 2018-03-13
Preview: https://p.scdn.co/mp3-preview/8d1287b933d37b96943a5041ebcd46c328c9a0ce?cid=20160144eaff4a249d340f967b2d1c4a
 
Name: I Want It That Way
Artist: Marcelo Rezende
Album: Ballads in Bossa (The Colors of Love Ballads)
Release: 2017-02-13
Preview: https://p.scdn.co/mp3-preview/e917efb886afa262114a59cbdbdb6fe8bef57583?cid=20160144eaff4a249d340f967b2d1c4a
 
Name: Ebay (Parody of "I Want It That Way" by the Backstreet Boys)
Artist: "Weird Al" Yankovic
Album: The Essential "Weird Al" Yankovic
Release: 2009
Preview: https://p.scdn.co/mp3-preview/5632d8e302d70afaa8f79c962aa4b2032a45b3ef?cid=20160144eaff4a249d340f967b2d1c4a
 
Name: I Want It That Way
Artist: Backstreet Boys
Album: NOW That's What I Call 90s Pop
Release: 2017-01-27
Preview: https://p.scdn.co/mp3-preview/c9302062adf4f59e60335f30c7ca46b487a267fb?cid=20160144eaff4a249d340f967b2d1c4a
musicSearch The Sign Ace of Base
 
Name: The Sign
Artist: Ace of Base
Album: The Sign (US Album) [Remastered]
Release: 1993
Preview: https://p.scdn.co/mp3-preview/4c463359f67dd3546db7294d236dd0ae991882ff?cid=20160144eaff4a249d340f967b2d1c4a
 
Name: All That She Wants
Artist: Ace of Base
Album: The Sign (US Album) [Remastered]
Release: 1993
Preview: https://p.scdn.co/mp3-preview/b176774bc04182501c2d5d201afda143b1193f31?cid=20160144eaff4a249d340f967b2d1c4a
 
Name: The Sign
Artist: Ace of Base
Album: Greatest Hits
Release: 2008-11-14
Preview: https://p.scdn.co/mp3-preview/5ca0168d6b58e0f993b2b741af90ecc7c9b16893?cid=20160144eaff4a249d340f967b2d1c4a
 
Name: Don't Turn Around
Artist: Ace of Base
Album: The Sign (US Album) [Remastered]
Release: 1993
Preview: https://p.scdn.co/mp3-preview/9c8401c8142bdd011e51f0211be2e2d4afcd5cff?cid=20160144eaff4a249d340f967b2d1c4a
 
Name: Wheel of Fortune
Artist: Ace of Base
Album: The Sign (US Album) [Remastered]
Release: 1993
Preview: https://p.scdn.co/mp3-preview/fd501a60ee611fda1dbb1c238d802fece5880dfc?cid=20160144eaff4a249d340f967b2d1c4a
 
Name: Happy Nation
Artist: Ace of Base
Album: The Sign (US Album) [Remastered]
Release: 1993
Preview: https://p.scdn.co/mp3-preview/b3608534e1f9e52f3dc81bd552d19649c1d4b744?cid=20160144eaff4a249d340f967b2d1c4a
 
Name: Living in Danger
Artist: Ace of Base
Album: The Sign (US Album) [Remastered]
Release: 1993
Preview: https://p.scdn.co/mp3-preview/2fbf2512dd61a32d9ddda5b55a3e89ad368521b4?cid=20160144eaff4a249d340f967b2d1c4a
 
Name: Dancer in a Daydream
Artist: Ace of Base
Album: The Sign (US Album) [Remastered]
Release: 1993
Preview: https://p.scdn.co/mp3-preview/6813c9a49363827536bbd2fc98798c99225e5a1a?cid=20160144eaff4a249d340f967b2d1c4a
 
Name: Young and Proud
Artist: Ace of Base
Album: The Sign (US Album) [Remastered]
Release: 1993
Preview: https://p.scdn.co/mp3-preview/6322361d8997f179653ef9f6f9de1b41ca2cb6b4?cid=20160144eaff4a249d340f967b2d1c4a
 
Name: Waiting for Magic - Total Remix 7" Version
Artist: Ace of Base
Album: The Sign (US Album) [Remastered]
Release: 1993
Preview: https://p.scdn.co/mp3-preview/51c98621614306f9b5be4896d0fc400d0db04235?cid=20160144eaff4a249d340f967b2d1c4a
 
Name: The Sign
Artist: Ace of Base
Album: Happy Nation (U.S. Version) [Remastered]
Release: 1994
Preview: https://p.scdn.co/mp3-preview/02965a67aeec3b3775c91ec1e391ce164c76e488?cid=20160144eaff4a249d340f967b2d1c4a
 
Name: Voulez-Vous danser
Artist: Ace of Base
Album: The Sign (US Album) [Remastered]
Release: 1993
Preview: https://p.scdn.co/mp3-preview/59e0c99409733c86980e74a829b11e058b2af822?cid=20160144eaff4a249d340f967b2d1c4a
 
Name: My Mind - Mindless Mix
Artist: Ace of Base
Album: The Sign (US Album) [Remastered]
Release: 1993
Preview: https://p.scdn.co/mp3-preview/d69b572cb2ab4e83492dbe2b3b2dad747440dd72?cid=20160144eaff4a249d340f967b2d1c4a
 
Name: All That She Wants - Banghra Version
Artist: Ace of Base
Album: The Sign (US Album) [Remastered]
Release: 1993
Preview: https://p.scdn.co/mp3-preview/25887b631bc11ce0486bd8798d02d6597d889b7e?cid=20160144eaff4a249d340f967b2d1c4a
 
Name: Mr Ace - Demo 1991 Bonus Track
Artist: Ace of Base
Album: The Sign (US Album) [Remastered]
Release: 1993
Preview: https://p.scdn.co/mp3-preview/0a017e093af7ab63b9609c5391a0ebbec7423553?cid=20160144eaff4a249d340f967b2d1c4a
 
Name: The Sign
Artist: Ace of Base
Album: The Sign (The Remixes)
Release: 1993
Preview: https://p.scdn.co/mp3-preview/5ca0168d6b58e0f993b2b741af90ecc7c9b16893?cid=20160144eaff4a249d340f967b2d1c4a
 
Name: The Sign - Long Version
Artist: Ace of Base
Album: The Sign (The Remixes)
Release: 1993
Preview: https://p.scdn.co/mp3-preview/ccf516ab83dc899b53817816665cd42388cf6724?cid=20160144eaff4a249d340f967b2d1c4a
 
Name: The Sign - Ultimix
Artist: Ace of Base
Album: The Sign (The Remixes)
Release: 1993
Preview: https://p.scdn.co/mp3-preview/2c3e2f82c037557abc04c1a2d76b828c4d521838?cid=20160144eaff4a249d340f967b2d1c4a
 
Name: The Sign
Artist: Ace of Base
Album: The Sign (The Remixes)
Release: 1993
Preview: https://p.scdn.co/mp3-preview/5ca0168d6b58e0f993b2b741af90ecc7c9b16893?cid=20160144eaff4a249d340f967b2d1c4a
 
Name: The Sign - The Remix
Artist: Ace of Base
Album: Classic Remixes
Release: 2008-11-14
Preview: https://p.scdn.co/mp3-preview/919c1e7e785733af13db8054540742ac6aede514?cid=20160144eaff4a249d340f967b2d1c4a
movieSearch Mr. Nobody
Title:    Mr. Nobody
Year:     2009
Rated:    R
Rotten Tomatoes Rating 67%
Country:  Belgium, Germany, Canada, France, USA, UK
Language: English, Mohawk
Plot:     A boy stands on a station platform as a train is about to leave. Should he go with his mother or stay with his father? Infinite possibilities arise from this decision. As long as he doesn't choose, anything is possible.
Actors:   Jared Leto, Sarah Polley, Diane Kruger, Linh Dan Pham
Released: 26 Sep 2013
Runtime:  141 min
Genre:    Drama, Fantasy, Romance, Sci-Fi
Director: Jaco Van Dormael
Write:    Jaco Van Dormael
